<?xml version="1.0" encoding="UTF-8"?>
<!-- Generated by org.testng.reporters.JUnitXMLReporter -->
<testsuite ignored="0" hostname="DESKTOP-3R0P461" failures="0" tests="12" name="Default test" time="561.151" errors="0" timestamp="2024-05-07T09:26:57 IST">
  <testcase classname="TestCases.TestCases_of_CICA" name="Login" time="26.969"/>
  <testcase classname="TestCases.TestCases_of_CICA" name="Homepage" time="18.745"/>
  <testcase classname="TestCases.TestCases_of_CICA" name="Step_1" time="57.548"/>
  <testcase classname="TestCases.TestCases_of_CICA" name="Step_2" time="71.861"/>
  <testcase classname="TestCases.TestCases_of_CICA" name="Step_3" time="7.982"/>
  <testcase classname="TestCases.TestCases_of_CICA" name="Step_4" time="90.851"/>
  <testcase classname="TestCases.TestCases_of_CICA" name="Step_5" time="7.092"/>
  <testcase classname="TestCases.TestCases_of_CICA" name="Step_6" time="45.657"/>
  <testcase classname="TestCases.TestCases_of_CICA" name="Step_7" time="4.717"/>
  <testcase classname="TestCases.TestCases_of_CICA" name="Step_8" time="39.492"/>
  <testcase classname="TestCases.TestCases_of_CICA" name="Update" time="15.775"/>
  <testcase classname="TestCases.TestCases_of_CICA" name="Step_10" time="170.921"/>
</testsuite> <!-- Default test -->
