<?xml version="1.0" encoding="UTF-8"?>
<!-- Generated by org.testng.reporters.JUnitXMLReporter -->
<testsuite ignored="0" hostname="DESKTOP-3R0P461" failures="0" tests="12" name="Default test" time="514.628" errors="0" timestamp="2024-03-12T10:18:26 IST">
  <testcase classname="TestCases.TestCases_of_CICA" name="Login" time="2.686"/>
  <testcase classname="TestCases.TestCases_of_CICA" name="Homepage" time="8.3"/>
  <testcase classname="TestCases.TestCases_of_CICA" name="Step_1" time="52.468"/>
  <testcase classname="TestCases.TestCases_of_CICA" name="Step_2" time="71.804"/>
  <testcase classname="TestCases.TestCases_of_CICA" name="Step_3" time="7.562"/>
  <testcase classname="TestCases.TestCases_of_CICA" name="Step_4" time="85.831"/>
  <testcase classname="TestCases.TestCases_of_CICA" name="Step_5" time="6.189"/>
  <testcase classname="TestCases.TestCases_of_CICA" name="Step_6" time="22.98"/>
  <testcase classname="TestCases.TestCases_of_CICA" name="Step_7" time="4.349"/>
  <testcase classname="TestCases.TestCases_of_CICA" name="Step_8" time="41.621"/>
  <testcase classname="TestCases.TestCases_of_CICA" name="Update" time="15.599"/>
  <testcase classname="TestCases.TestCases_of_CICA" name="Step_10" time="137.016"/>
</testsuite> <!-- Default test -->
