<?xml version="1.0" encoding="UTF-8"?>
<!-- Generated by org.testng.reporters.JUnitXMLReporter -->
<testsuite ignored="0" hostname="DESKTOP-3R0P461" failures="0" tests="12" name="Default test" time="0.295" errors="0" timestamp="2024-03-13T09:33:26 IST">
  <testcase classname="TestCases.TestCases_of_CICA" name="@BeforeTest chromeLaunch" time="0.091">
    <failure type="java.lang.AbstractMethodError" message="Receiver class org.openqa.selenium.chrome.ChromeDriverService$Builder does not define or inherit an implementation of the resolved method &amp;apos;abstract void loadSystemProperties()&amp;apos; of abstract class org.openqa.selenium.remote.service.DriverService$Builder.">
      <![CDATA[java.lang.AbstractMethodError: Receiver class org.openqa.selenium.chrome.ChromeDriverService$Builder does not define or inherit an implementation of the resolved method 'abstract void loadSystemProperties()' of abstract class org.openqa.selenium.remote.service.DriverService$Builder.
at org.openqa.selenium.remote.service.DriverService$Builder.build(DriverService.java:509)
at org.openqa.selenium.chrome.ChromeDriverService.createServiceWithConfig(ChromeDriverService.java:181)
at org.openqa.selenium.chrome.ChromeDriver.<init>(ChromeDriver.java:73)
at TestCases.TestCases_of_CICA.chromeLaunch(TestCases_of_CICA.java:122)
at java.base/jdk.internal.reflect.NativeMethodAccessorImpl.invoke0(Native Method)
at java.base/jdk.internal.reflect.NativeMethodAccessorImpl.invoke(NativeMethodAccessorImpl.java:77)
at java.base/jdk.internal.reflect.DelegatingMethodAccessorImpl.invoke(DelegatingMethodAccessorImpl.java:43)
at java.base/java.lang.reflect.Method.invoke(Method.java:568)
at org.testng.internal.invokers.MethodInvocationHelper.invokeMethod(MethodInvocationHelper.java:139)
at org.testng.internal.invokers.MethodInvocationHelper.invokeMethodConsideringTimeout(MethodInvocationHelper.java:69)
at org.testng.internal.invokers.ConfigInvoker.invokeConfigurationMethod(ConfigInvoker.java:361)
at org.testng.internal.invokers.ConfigInvoker.invokeConfigurations(ConfigInvoker.java:296)
at org.testng.TestRunner.invokeTestConfigurations(TestRunner.java:644)
at org.testng.TestRunner.beforeRun(TestRunner.java:633)
at org.testng.TestRunner.run(TestRunner.java:595)
at org.testng.SuiteRunner.runTest(SuiteRunner.java:437)
at org.testng.SuiteRunner.runSequentially(SuiteRunner.java:431)
at org.testng.SuiteRunner.privateRun(SuiteRunner.java:391)
at org.testng.SuiteRunner.run(SuiteRunner.java:330)
at org.testng.SuiteRunnerWorker.runSuite(SuiteRunnerWorker.java:52)
at org.testng.SuiteRunnerWorker.run(SuiteRunnerWorker.java:95)
at org.testng.TestNG.runSuitesSequentially(TestNG.java:1256)
at org.testng.TestNG.runSuitesLocally(TestNG.java:1176)
at org.testng.TestNG.runSuites(TestNG.java:1099)
at org.testng.TestNG.run(TestNG.java:1067)
at org.testng.remote.AbstractRemoteTestNG.run(AbstractRemoteTestNG.java:115)
at org.testng.remote.RemoteTestNG.initAndRun(RemoteTestNG.java:251)
at org.testng.remote.RemoteTestNG.main(RemoteTestNG.java:77)
]]>
    </failure>
  </testcase> <!-- @BeforeTest chromeLaunch -->
  <testcase classname="TestCases.TestCases_of_CICA" name="Login" time="0.0">
    <skipped/>
  </testcase> <!-- Login -->
  <testcase classname="TestCases.TestCases_of_CICA" name="Homepage" time="0.0">
    <skipped/>
  </testcase> <!-- Homepage -->
  <testcase classname="TestCases.TestCases_of_CICA" name="Step_1" time="0.0">
    <skipped/>
  </testcase> <!-- Step_1 -->
  <testcase classname="TestCases.TestCases_of_CICA" name="Step_2" time="0.0">
    <skipped/>
  </testcase> <!-- Step_2 -->
  <testcase classname="TestCases.TestCases_of_CICA" name="Step_3" time="0.0">
    <skipped/>
  </testcase> <!-- Step_3 -->
  <testcase classname="TestCases.TestCases_of_CICA" name="Step_4" time="0.0">
    <skipped/>
  </testcase> <!-- Step_4 -->
  <testcase classname="TestCases.TestCases_of_CICA" name="Step_5" time="0.0">
    <skipped/>
  </testcase> <!-- Step_5 -->
  <testcase classname="TestCases.TestCases_of_CICA" name="Step_6" time="0.0">
    <skipped/>
  </testcase> <!-- Step_6 -->
  <testcase classname="TestCases.TestCases_of_CICA" name="Step_7" time="0.0">
    <skipped/>
  </testcase> <!-- Step_7 -->
  <testcase classname="TestCases.TestCases_of_CICA" name="Step_8" time="0.0">
    <skipped/>
  </testcase> <!-- Step_8 -->
  <testcase classname="TestCases.TestCases_of_CICA" name="Update" time="0.0">
    <skipped/>
  </testcase> <!-- Update -->
  <testcase classname="TestCases.TestCases_of_CICA" name="Step_10" time="0.0">
    <skipped/>
  </testcase> <!-- Step_10 -->
</testsuite> <!-- Default test -->
