<?xml version="1.0" encoding="UTF-8"?>
<!-- Generated by org.testng.reporters.JUnitXMLReporter -->
<testsuite ignored="0" hostname="DESKTOP-3R0P461" failures="0" tests="12" name="Default test" time="2.28" errors="0" timestamp="2024-03-13T14:19:54 IST">
  <testcase classname="TestCases.TestCases_of_CICA" name="@BeforeTest chromeLaunch" time="2.181">
    <failure type="org.openqa.selenium.SessionNotCreatedException" message="Could not start a new session. Response code 500. Message: session not created: This version of ChromeDriver only supports Chrome version 114
Current browser version is 122.0.6261.128 with binary path C:\Users\Codetru\Desktop\chrome-win64\chrome.exe 
Host info: host: &amp;apos;DESKTOP-3R0P461&amp;apos;, ip: &amp;apos;192.168.0.181&amp;apos;
Build info: version: &amp;apos;4.16.1&amp;apos;, revision: &amp;apos;9b4c83354e&amp;apos;
System info: os.name: &amp;apos;Windows 11&amp;apos;, os.arch: &amp;apos;amd64&amp;apos;, os.version: &amp;apos;10.0&amp;apos;, java.version: &amp;apos;17.0.6&amp;apos;
Driver info: org.openqa.selenium.chrome.ChromeDriver
Command: [null, newSession {capabilities=[Capabilities {browserName: chrome, goog:chromeOptions: {args: [--allow-running-insecure-co..., --remote-allow-origins=*], binary: C:\Users\Codetru\Desktop\ch..., extensions: []}}]}]">
      <![CDATA[org.openqa.selenium.SessionNotCreatedException: Could not start a new session. Response code 500. Message: session not created: This version of ChromeDriver only supports Chrome version 114
Current browser version is 122.0.6261.128 with binary path C:\Users\Codetru\Desktop\chrome-win64\chrome.exe 
Host info: host: 'DESKTOP-3R0P461', ip: '192.168.0.181'
Build info: version: '4.16.1', revision: '9b4c83354e'
System info: os.name: 'Windows 11', os.arch: 'amd64', os.version: '10.0', java.version: '17.0.6'
Driver info: org.openqa.selenium.chrome.ChromeDriver
Command: [null, newSession {capabilities=[Capabilities {browserName: chrome, goog:chromeOptions: {args: [--allow-running-insecure-co..., --remote-allow-origins=*], binary: C:\Users\Codetru\Desktop\ch..., extensions: []}}]}]
at org.openqa.selenium.remote.ProtocolHandshake.createSession(ProtocolHandshake.java:140)
at org.openqa.selenium.remote.ProtocolHandshake.createSession(ProtocolHandshake.java:96)
at org.openqa.selenium.remote.ProtocolHandshake.createSession(ProtocolHandshake.java:68)
at org.openqa.selenium.remote.HttpCommandExecutor.execute(HttpCommandExecutor.java:163)
at org.openqa.selenium.remote.service.DriverCommandExecutor.invokeExecute(DriverCommandExecutor.java:200)
at org.openqa.selenium.remote.service.DriverCommandExecutor.execute(DriverCommandExecutor.java:175)
at org.openqa.selenium.remote.RemoteWebDriver.execute(RemoteWebDriver.java:523)
at org.openqa.selenium.remote.RemoteWebDriver.startSession(RemoteWebDriver.java:237)
at org.openqa.selenium.remote.RemoteWebDriver.<init>(RemoteWebDriver.java:164)
at org.openqa.selenium.chromium.ChromiumDriver.<init>(ChromiumDriver.java:114)
at org.openqa.selenium.chrome.ChromeDriver.<init>(ChromeDriver.java:89)
at org.openqa.selenium.chrome.ChromeDriver.<init>(ChromeDriver.java:84)
at org.openqa.selenium.chrome.ChromeDriver.<init>(ChromeDriver.java:73)
at TestCases.TestCases_of_CICA.chromeLaunch(TestCases_of_CICA.java:124)
at java.base/jdk.internal.reflect.NativeMethodAccessorImpl.invoke0(Native Method)
at java.base/jdk.internal.reflect.NativeMethodAccessorImpl.invoke(NativeMethodAccessorImpl.java:77)
at java.base/jdk.internal.reflect.DelegatingMethodAccessorImpl.invoke(DelegatingMethodAccessorImpl.java:43)
at java.base/java.lang.reflect.Method.invoke(Method.java:568)
at org.testng.internal.invokers.MethodInvocationHelper.invokeMethod(MethodInvocationHelper.java:139)
at org.testng.internal.invokers.MethodInvocationHelper.invokeMethodConsideringTimeout(MethodInvocationHelper.java:69)
at org.testng.internal.invokers.ConfigInvoker.invokeConfigurationMethod(ConfigInvoker.java:361)
at org.testng.internal.invokers.ConfigInvoker.invokeConfigurations(ConfigInvoker.java:296)
at org.testng.TestRunner.invokeTestConfigurations(TestRunner.java:644)
at org.testng.TestRunner.beforeRun(TestRunner.java:633)
at org.testng.TestRunner.run(TestRunner.java:595)
at org.testng.SuiteRunner.runTest(SuiteRunner.java:437)
at org.testng.SuiteRunner.runSequentially(SuiteRunner.java:431)
at org.testng.SuiteRunner.privateRun(SuiteRunner.java:391)
at org.testng.SuiteRunner.run(SuiteRunner.java:330)
at org.testng.SuiteRunnerWorker.runSuite(SuiteRunnerWorker.java:52)
at org.testng.SuiteRunnerWorker.run(SuiteRunnerWorker.java:95)
at org.testng.TestNG.runSuitesSequentially(TestNG.java:1256)
at org.testng.TestNG.runSuitesLocally(TestNG.java:1176)
at org.testng.TestNG.runSuites(TestNG.java:1099)
at org.testng.TestNG.run(TestNG.java:1067)
at org.testng.remote.AbstractRemoteTestNG.run(AbstractRemoteTestNG.java:115)
at org.testng.remote.RemoteTestNG.initAndRun(RemoteTestNG.java:251)
at org.testng.remote.RemoteTestNG.main(RemoteTestNG.java:77)
]]>
    </failure>
  </testcase> <!-- @BeforeTest chromeLaunch -->
  <testcase classname="TestCases.TestCases_of_CICA" name="Login" time="0.0">
    <skipped/>
  </testcase> <!-- Login -->
  <testcase classname="TestCases.TestCases_of_CICA" name="Homepage" time="0.0">
    <skipped/>
  </testcase> <!-- Homepage -->
  <testcase classname="TestCases.TestCases_of_CICA" name="Step_1" time="0.0">
    <skipped/>
  </testcase> <!-- Step_1 -->
  <testcase classname="TestCases.TestCases_of_CICA" name="Step_2" time="0.0">
    <skipped/>
  </testcase> <!-- Step_2 -->
  <testcase classname="TestCases.TestCases_of_CICA" name="Step_3" time="0.0">
    <skipped/>
  </testcase> <!-- Step_3 -->
  <testcase classname="TestCases.TestCases_of_CICA" name="Step_4" time="0.0">
    <skipped/>
  </testcase> <!-- Step_4 -->
  <testcase classname="TestCases.TestCases_of_CICA" name="Step_5" time="0.0">
    <skipped/>
  </testcase> <!-- Step_5 -->
  <testcase classname="TestCases.TestCases_of_CICA" name="Step_6" time="0.0">
    <skipped/>
  </testcase> <!-- Step_6 -->
  <testcase classname="TestCases.TestCases_of_CICA" name="Step_7" time="0.0">
    <skipped/>
  </testcase> <!-- Step_7 -->
  <testcase classname="TestCases.TestCases_of_CICA" name="Step_8" time="0.0">
    <skipped/>
  </testcase> <!-- Step_8 -->
  <testcase classname="TestCases.TestCases_of_CICA" name="Update" time="0.0">
    <skipped/>
  </testcase> <!-- Update -->
  <testcase classname="TestCases.TestCases_of_CICA" name="Step_10" time="0.0">
    <skipped/>
  </testcase> <!-- Step_10 -->
</testsuite> <!-- Default test -->
