<?xml version="1.0" encoding="UTF-8"?>
<testng-results ignored="0" total="12" passed="12" failed="0" skipped="0">
  <reporter-output>
  </reporter-output>
  <suite started-at="2024-03-13T12:45:43 IST" name="Default suite" finished-at="2024-03-13T12:55:56 IST" duration-ms="612692">
    <groups>
    </groups>
    <test started-at="2024-03-13T12:45:43 IST" name="Default test" finished-at="2024-03-13T12:55:56 IST" duration-ms="612692">
      <class name="TestCases.TestCases_of_CICA">
        <test-method is-config="true" signature="ExtentReportSetup1()[pri:0, instance:TestCases.TestCases_of_CICA@38425407]" started-at="2024-03-13T12:45:43 IST" name="ExtentReportSetup1" finished-at="2024-03-13T12:45:43 IST" duration-ms="342" status="PASS">
          <reporter-output>
          </reporter-output>
        </test-method> <!-- ExtentReportSetup1 -->
        <test-method is-config="true" signature="chromeLaunch()[pri:0, instance:TestCases.TestCases_of_CICA@38425407]" started-at="2024-03-13T12:45:43 IST" name="chromeLaunch" finished-at="2024-03-13T12:46:30 IST" duration-ms="47115" status="PASS">
          <reporter-output>
          </reporter-output>
        </test-method> <!-- chromeLaunch -->
        <test-method signature="Login()[pri:1, instance:TestCases.TestCases_of_CICA@38425407]" started-at="2024-03-13T12:46:30 IST" name="Login" finished-at="2024-03-13T12:46:36 IST" duration-ms="5403" status="PASS">
          <reporter-output>
          </reporter-output>
        </test-method> <!-- Login -->
        <test-method signature="Homepage()[pri:2, instance:TestCases.TestCases_of_CICA@38425407]" started-at="2024-03-13T12:46:36 IST" name="Homepage" finished-at="2024-03-13T12:46:46 IST" duration-ms="10518" status="PASS">
          <reporter-output>
          </reporter-output>
        </test-method> <!-- Homepage -->
        <test-method signature="Step_1()[pri:3, instance:TestCases.TestCases_of_CICA@38425407]" started-at="2024-03-13T12:46:46 IST" name="Step_1" finished-at="2024-03-13T12:47:50 IST" duration-ms="63904" status="PASS">
          <reporter-output>
          </reporter-output>
        </test-method> <!-- Step_1 -->
        <test-method signature="Step_2()[pri:4, instance:TestCases.TestCases_of_CICA@38425407]" started-at="2024-03-13T12:47:50 IST" name="Step_2" finished-at="2024-03-13T12:49:13 IST" duration-ms="83189" status="PASS">
          <reporter-output>
          </reporter-output>
        </test-method> <!-- Step_2 -->
        <test-method signature="Step_3()[pri:5, instance:TestCases.TestCases_of_CICA@38425407]" started-at="2024-03-13T12:49:13 IST" name="Step_3" finished-at="2024-03-13T12:49:22 IST" duration-ms="9002" status="PASS">
          <reporter-output>
          </reporter-output>
        </test-method> <!-- Step_3 -->
        <test-method signature="Step_4()[pri:6, instance:TestCases.TestCases_of_CICA@38425407]" started-at="2024-03-13T12:49:22 IST" name="Step_4" finished-at="2024-03-13T12:51:03 IST" duration-ms="101056" status="PASS">
          <reporter-output>
          </reporter-output>
        </test-method> <!-- Step_4 -->
        <test-method signature="Step_5()[pri:7, instance:TestCases.TestCases_of_CICA@38425407]" started-at="2024-03-13T12:51:03 IST" name="Step_5" finished-at="2024-03-13T12:51:11 IST" duration-ms="7498" status="PASS">
          <reporter-output>
          </reporter-output>
        </test-method> <!-- Step_5 -->
        <test-method signature="Step_6()[pri:8, instance:TestCases.TestCases_of_CICA@38425407]" started-at="2024-03-13T12:51:11 IST" name="Step_6" finished-at="2024-03-13T12:51:39 IST" duration-ms="28406" status="PASS">
          <reporter-output>
          </reporter-output>
        </test-method> <!-- Step_6 -->
        <test-method signature="Step_7()[pri:9, instance:TestCases.TestCases_of_CICA@38425407]" started-at="2024-03-13T12:51:39 IST" name="Step_7" finished-at="2024-03-13T12:51:44 IST" duration-ms="4598" status="PASS">
          <reporter-output>
          </reporter-output>
        </test-method> <!-- Step_7 -->
        <test-method signature="Step_8()[pri:10, instance:TestCases.TestCases_of_CICA@38425407]" started-at="2024-03-13T12:51:44 IST" name="Step_8" finished-at="2024-03-13T12:52:33 IST" duration-ms="48836" status="PASS">
          <reporter-output>
          </reporter-output>
        </test-method> <!-- Step_8 -->
        <test-method signature="Update()[pri:11, instance:TestCases.TestCases_of_CICA@38425407]" started-at="2024-03-13T12:52:33 IST" name="Update" finished-at="2024-03-13T12:52:49 IST" duration-ms="15976" status="PASS">
          <reporter-output>
          </reporter-output>
        </test-method> <!-- Update -->
        <test-method signature="Step_10()[pri:12, instance:TestCases.TestCases_of_CICA@38425407]" started-at="2024-03-13T12:52:49 IST" name="Step_10" finished-at="2024-03-13T12:55:56 IST" duration-ms="187098" status="PASS">
          <reporter-output>
          </reporter-output>
        </test-method> <!-- Step_10 -->
        <test-method is-config="true" signature="teardown1()[pri:0, instance:TestCases.TestCases_of_CICA@38425407]" started-at="2024-03-13T12:55:56 IST" name="teardown1" finished-at="2024-03-13T12:55:57 IST" duration-ms="1210" status="PASS">
          <reporter-output>
          </reporter-output>
        </test-method> <!-- teardown1 -->
      </class> <!-- TestCases.TestCases_of_CICA -->
    </test> <!-- Default test -->
  </suite> <!-- Default suite -->
</testng-results>
