<?xml version="1.0" encoding="UTF-8"?>
<testng-results ignored="0" total="12" passed="12" failed="0" skipped="0">
  <reporter-output>
  </reporter-output>
  <suite started-at="2024-05-07T09:17:36 IST" name="Default suite" finished-at="2024-05-07T09:26:57 IST" duration-ms="561151">
    <groups>
    </groups>
    <test started-at="2024-05-07T09:17:36 IST" name="Default test" finished-at="2024-05-07T09:26:57 IST" duration-ms="561151">
      <class name="TestCases.TestCases_of_CICA">
        <test-method is-config="true" signature="ExtentReportSetup1()[pri:0, instance:TestCases.TestCases_of_CICA@49438269]" started-at="2024-05-07T09:17:35 IST" name="ExtentReportSetup1" finished-at="2024-05-07T09:17:36 IST" duration-ms="378" status="PASS">
          <reporter-output>
          </reporter-output>
        </test-method> <!-- ExtentReportSetup1 -->
        <test-method is-config="true" signature="chromeLaunch()[pri:0, instance:TestCases.TestCases_of_CICA@49438269]" started-at="2024-05-07T09:17:36 IST" name="chromeLaunch" finished-at="2024-05-07T09:17:39 IST" duration-ms="3460" status="PASS">
          <reporter-output>
          </reporter-output>
        </test-method> <!-- chromeLaunch -->
        <test-method signature="Login()[pri:1, instance:TestCases.TestCases_of_CICA@49438269]" started-at="2024-05-07T09:17:39 IST" name="Login" finished-at="2024-05-07T09:18:06 IST" duration-ms="26969" status="PASS">
          <reporter-output>
          </reporter-output>
        </test-method> <!-- Login -->
        <test-method signature="Homepage()[pri:2, instance:TestCases.TestCases_of_CICA@49438269]" started-at="2024-05-07T09:18:06 IST" name="Homepage" finished-at="2024-05-07T09:18:25 IST" duration-ms="18745" status="PASS">
          <reporter-output>
          </reporter-output>
        </test-method> <!-- Homepage -->
        <test-method signature="Step_1()[pri:3, instance:TestCases.TestCases_of_CICA@49438269]" started-at="2024-05-07T09:18:25 IST" name="Step_1" finished-at="2024-05-07T09:19:22 IST" duration-ms="57548" status="PASS">
          <reporter-output>
          </reporter-output>
        </test-method> <!-- Step_1 -->
        <test-method signature="Step_2()[pri:4, instance:TestCases.TestCases_of_CICA@49438269]" started-at="2024-05-07T09:19:22 IST" name="Step_2" finished-at="2024-05-07T09:20:34 IST" duration-ms="71861" status="PASS">
          <reporter-output>
          </reporter-output>
        </test-method> <!-- Step_2 -->
        <test-method signature="Step_3()[pri:5, instance:TestCases.TestCases_of_CICA@49438269]" started-at="2024-05-07T09:20:34 IST" name="Step_3" finished-at="2024-05-07T09:20:42 IST" duration-ms="7982" status="PASS">
          <reporter-output>
          </reporter-output>
        </test-method> <!-- Step_3 -->
        <test-method signature="Step_4()[pri:6, instance:TestCases.TestCases_of_CICA@49438269]" started-at="2024-05-07T09:20:42 IST" name="Step_4" finished-at="2024-05-07T09:22:13 IST" duration-ms="90851" status="PASS">
          <reporter-output>
          </reporter-output>
        </test-method> <!-- Step_4 -->
        <test-method signature="Step_5()[pri:7, instance:TestCases.TestCases_of_CICA@49438269]" started-at="2024-05-07T09:22:13 IST" name="Step_5" finished-at="2024-05-07T09:22:20 IST" duration-ms="7092" status="PASS">
          <reporter-output>
          </reporter-output>
        </test-method> <!-- Step_5 -->
        <test-method signature="Step_6()[pri:8, instance:TestCases.TestCases_of_CICA@49438269]" started-at="2024-05-07T09:22:20 IST" name="Step_6" finished-at="2024-05-07T09:23:06 IST" duration-ms="45657" status="PASS">
          <reporter-output>
          </reporter-output>
        </test-method> <!-- Step_6 -->
        <test-method signature="Step_7()[pri:9, instance:TestCases.TestCases_of_CICA@49438269]" started-at="2024-05-07T09:23:06 IST" name="Step_7" finished-at="2024-05-07T09:23:11 IST" duration-ms="4717" status="PASS">
          <reporter-output>
          </reporter-output>
        </test-method> <!-- Step_7 -->
        <test-method signature="Step_8()[pri:10, instance:TestCases.TestCases_of_CICA@49438269]" started-at="2024-05-07T09:23:11 IST" name="Step_8" finished-at="2024-05-07T09:23:50 IST" duration-ms="39492" status="PASS">
          <reporter-output>
          </reporter-output>
        </test-method> <!-- Step_8 -->
        <test-method signature="Update()[pri:11, instance:TestCases.TestCases_of_CICA@49438269]" started-at="2024-05-07T09:23:50 IST" name="Update" finished-at="2024-05-07T09:24:06 IST" duration-ms="15775" status="PASS">
          <reporter-output>
          </reporter-output>
        </test-method> <!-- Update -->
        <test-method signature="Step_10()[pri:12, instance:TestCases.TestCases_of_CICA@49438269]" started-at="2024-05-07T09:24:06 IST" name="Step_10" finished-at="2024-05-07T09:26:57 IST" duration-ms="170921" status="PASS">
          <reporter-output>
          </reporter-output>
        </test-method> <!-- Step_10 -->
        <test-method is-config="true" signature="teardown1()[pri:0, instance:TestCases.TestCases_of_CICA@49438269]" started-at="2024-05-07T09:26:57 IST" name="teardown1" finished-at="2024-05-07T09:26:58 IST" duration-ms="1374" status="PASS">
          <reporter-output>
          </reporter-output>
        </test-method> <!-- teardown1 -->
      </class> <!-- TestCases.TestCases_of_CICA -->
    </test> <!-- Default test -->
  </suite> <!-- Default suite -->
</testng-results>
