<?xml version="1.0" encoding="UTF-8"?>
<testng-results ignored="0" total="12" passed="12" failed="0" skipped="0">
  <reporter-output>
  </reporter-output>
  <suite started-at="2024-04-29T10:28:08 IST" name="Suite" finished-at="2024-04-29T10:37:04 IST" duration-ms="536535">
    <groups>
    </groups>
    <test started-at="2024-04-29T10:28:08 IST" name="Test" finished-at="2024-04-29T10:37:04 IST" duration-ms="536535">
      <class name="TestCases.TestCases_of_CICA">
        <test-method is-config="true" signature="ExtentReportSetup1()[pri:0, instance:TestCases.TestCases_of_CICA@49438269]" started-at="2024-04-29T10:28:07 IST" name="ExtentReportSetup1" finished-at="2024-04-29T10:28:08 IST" duration-ms="573" status="PASS">
          <reporter-output>
          </reporter-output>
        </test-method> <!-- ExtentReportSetup1 -->
        <test-method is-config="true" signature="chromeLaunch()[pri:0, instance:TestCases.TestCases_of_CICA@49438269]" started-at="2024-04-29T10:28:08 IST" name="chromeLaunch" finished-at="2024-04-29T10:28:23 IST" duration-ms="15806" status="PASS">
          <reporter-output>
          </reporter-output>
        </test-method> <!-- chromeLaunch -->
        <test-method signature="Login()[pri:1, instance:TestCases.TestCases_of_CICA@49438269]" started-at="2024-04-29T10:28:23 IST" name="Login" finished-at="2024-04-29T10:28:27 IST" duration-ms="3977" status="PASS">
          <reporter-output>
          </reporter-output>
        </test-method> <!-- Login -->
        <test-method signature="Homepage()[pri:2, instance:TestCases.TestCases_of_CICA@49438269]" started-at="2024-04-29T10:28:27 IST" name="Homepage" finished-at="2024-04-29T10:28:48 IST" duration-ms="20932" status="PASS">
          <reporter-output>
          </reporter-output>
        </test-method> <!-- Homepage -->
        <test-method signature="Step_1()[pri:3, instance:TestCases.TestCases_of_CICA@49438269]" started-at="2024-04-29T10:28:48 IST" name="Step_1" finished-at="2024-04-29T10:29:43 IST" duration-ms="54587" status="PASS">
          <reporter-output>
          </reporter-output>
        </test-method> <!-- Step_1 -->
        <test-method signature="Step_2()[pri:4, instance:TestCases.TestCases_of_CICA@49438269]" started-at="2024-04-29T10:29:43 IST" name="Step_2" finished-at="2024-04-29T10:30:53 IST" duration-ms="69861" status="PASS">
          <reporter-output>
          </reporter-output>
        </test-method> <!-- Step_2 -->
        <test-method signature="Step_3()[pri:5, instance:TestCases.TestCases_of_CICA@49438269]" started-at="2024-04-29T10:30:53 IST" name="Step_3" finished-at="2024-04-29T10:31:00 IST" duration-ms="7477" status="PASS">
          <reporter-output>
          </reporter-output>
        </test-method> <!-- Step_3 -->
        <test-method signature="Step_4()[pri:6, instance:TestCases.TestCases_of_CICA@49438269]" started-at="2024-04-29T10:31:00 IST" name="Step_4" finished-at="2024-04-29T10:32:28 IST" duration-ms="87520" status="PASS">
          <reporter-output>
          </reporter-output>
        </test-method> <!-- Step_4 -->
        <test-method signature="Step_5()[pri:7, instance:TestCases.TestCases_of_CICA@49438269]" started-at="2024-04-29T10:32:28 IST" name="Step_5" finished-at="2024-04-29T10:32:34 IST" duration-ms="6317" status="PASS">
          <reporter-output>
          </reporter-output>
        </test-method> <!-- Step_5 -->
        <test-method signature="Step_6()[pri:8, instance:TestCases.TestCases_of_CICA@49438269]" started-at="2024-04-29T10:32:34 IST" name="Step_6" finished-at="2024-04-29T10:33:19 IST" duration-ms="44410" status="PASS">
          <reporter-output>
          </reporter-output>
        </test-method> <!-- Step_6 -->
        <test-method signature="Step_7()[pri:9, instance:TestCases.TestCases_of_CICA@49438269]" started-at="2024-04-29T10:33:19 IST" name="Step_7" finished-at="2024-04-29T10:33:23 IST" duration-ms="4503" status="PASS">
          <reporter-output>
          </reporter-output>
        </test-method> <!-- Step_7 -->
        <test-method signature="Step_8()[pri:10, instance:TestCases.TestCases_of_CICA@49438269]" started-at="2024-04-29T10:33:23 IST" name="Step_8" finished-at="2024-04-29T10:34:01 IST" duration-ms="38412" status="PASS">
          <reporter-output>
          </reporter-output>
        </test-method> <!-- Step_8 -->
        <test-method signature="Update()[pri:11, instance:TestCases.TestCases_of_CICA@49438269]" started-at="2024-04-29T10:34:01 IST" name="Update" finished-at="2024-04-29T10:34:17 IST" duration-ms="15713" status="PASS">
          <reporter-output>
          </reporter-output>
        </test-method> <!-- Update -->
        <test-method signature="Step_10()[pri:12, instance:TestCases.TestCases_of_CICA@49438269]" started-at="2024-04-29T10:34:17 IST" name="Step_10" finished-at="2024-04-29T10:37:04 IST" duration-ms="166985" status="PASS">
          <reporter-output>
          </reporter-output>
        </test-method> <!-- Step_10 -->
        <test-method is-config="true" signature="teardown1()[pri:0, instance:TestCases.TestCases_of_CICA@49438269]" started-at="2024-04-29T10:37:04 IST" name="teardown1" finished-at="2024-04-29T10:37:06 IST" duration-ms="1391" status="PASS">
          <reporter-output>
          </reporter-output>
        </test-method> <!-- teardown1 -->
      </class> <!-- TestCases.TestCases_of_CICA -->
    </test> <!-- Test -->
  </suite> <!-- Suite -->
</testng-results>
