<?xml version="1.0" encoding="UTF-8"?>
<testng-results ignored="0" total="12" passed="12" failed="0" skipped="0">
  <reporter-output>
  </reporter-output>
  <suite started-at="2024-03-12T10:09:52 IST" name="Default suite" finished-at="2024-03-12T10:18:26 IST" duration-ms="514628">
    <groups>
    </groups>
    <test started-at="2024-03-12T10:09:52 IST" name="Default test" finished-at="2024-03-12T10:18:26 IST" duration-ms="514628">
      <class name="TestCases.TestCases_of_CICA">
        <test-method is-config="true" signature="ExtentReportSetup1()[pri:0, instance:TestCases.TestCases_of_CICA@247bddad]" started-at="2024-03-12T10:09:51 IST" name="ExtentReportSetup1" finished-at="2024-03-12T10:09:52 IST" duration-ms="186" status="PASS">
          <reporter-output>
          </reporter-output>
        </test-method> <!-- ExtentReportSetup1 -->
        <test-method is-config="true" signature="chromeLaunch()[pri:0, instance:TestCases.TestCases_of_CICA@247bddad]" started-at="2024-03-12T10:09:52 IST" name="chromeLaunch" finished-at="2024-03-12T10:10:50 IST" duration-ms="58202" status="PASS">
          <reporter-output>
          </reporter-output>
        </test-method> <!-- chromeLaunch -->
        <test-method signature="Login()[pri:1, instance:TestCases.TestCases_of_CICA@247bddad]" started-at="2024-03-12T10:10:50 IST" name="Login" finished-at="2024-03-12T10:10:53 IST" duration-ms="2686" status="PASS">
          <reporter-output>
          </reporter-output>
        </test-method> <!-- Login -->
        <test-method signature="Homepage()[pri:2, instance:TestCases.TestCases_of_CICA@247bddad]" started-at="2024-03-12T10:10:53 IST" name="Homepage" finished-at="2024-03-12T10:11:01 IST" duration-ms="8300" status="PASS">
          <reporter-output>
          </reporter-output>
        </test-method> <!-- Homepage -->
        <test-method signature="Step_1()[pri:3, instance:TestCases.TestCases_of_CICA@247bddad]" started-at="2024-03-12T10:11:01 IST" name="Step_1" finished-at="2024-03-12T10:11:53 IST" duration-ms="52468" status="PASS">
          <reporter-output>
          </reporter-output>
        </test-method> <!-- Step_1 -->
        <test-method signature="Step_2()[pri:4, instance:TestCases.TestCases_of_CICA@247bddad]" started-at="2024-03-12T10:11:53 IST" name="Step_2" finished-at="2024-03-12T10:13:05 IST" duration-ms="71804" status="PASS">
          <reporter-output>
          </reporter-output>
        </test-method> <!-- Step_2 -->
        <test-method signature="Step_3()[pri:5, instance:TestCases.TestCases_of_CICA@247bddad]" started-at="2024-03-12T10:13:05 IST" name="Step_3" finished-at="2024-03-12T10:13:13 IST" duration-ms="7562" status="PASS">
          <reporter-output>
          </reporter-output>
        </test-method> <!-- Step_3 -->
        <test-method signature="Step_4()[pri:6, instance:TestCases.TestCases_of_CICA@247bddad]" started-at="2024-03-12T10:13:13 IST" name="Step_4" finished-at="2024-03-12T10:14:38 IST" duration-ms="85831" status="PASS">
          <reporter-output>
          </reporter-output>
        </test-method> <!-- Step_4 -->
        <test-method signature="Step_5()[pri:7, instance:TestCases.TestCases_of_CICA@247bddad]" started-at="2024-03-12T10:14:38 IST" name="Step_5" finished-at="2024-03-12T10:14:45 IST" duration-ms="6189" status="PASS">
          <reporter-output>
          </reporter-output>
        </test-method> <!-- Step_5 -->
        <test-method signature="Step_6()[pri:8, instance:TestCases.TestCases_of_CICA@247bddad]" started-at="2024-03-12T10:14:45 IST" name="Step_6" finished-at="2024-03-12T10:15:08 IST" duration-ms="22980" status="PASS">
          <reporter-output>
          </reporter-output>
        </test-method> <!-- Step_6 -->
        <test-method signature="Step_7()[pri:9, instance:TestCases.TestCases_of_CICA@247bddad]" started-at="2024-03-12T10:15:08 IST" name="Step_7" finished-at="2024-03-12T10:15:12 IST" duration-ms="4349" status="PASS">
          <reporter-output>
          </reporter-output>
        </test-method> <!-- Step_7 -->
        <test-method signature="Step_8()[pri:10, instance:TestCases.TestCases_of_CICA@247bddad]" started-at="2024-03-12T10:15:12 IST" name="Step_8" finished-at="2024-03-12T10:15:54 IST" duration-ms="41621" status="PASS">
          <reporter-output>
          </reporter-output>
        </test-method> <!-- Step_8 -->
        <test-method signature="Update()[pri:11, instance:TestCases.TestCases_of_CICA@247bddad]" started-at="2024-03-12T10:15:54 IST" name="Update" finished-at="2024-03-12T10:16:09 IST" duration-ms="15599" status="PASS">
          <reporter-output>
          </reporter-output>
        </test-method> <!-- Update -->
        <test-method signature="Step_10()[pri:12, instance:TestCases.TestCases_of_CICA@247bddad]" started-at="2024-03-12T10:16:09 IST" name="Step_10" finished-at="2024-03-12T10:18:26 IST" duration-ms="137016" status="PASS">
          <reporter-output>
          </reporter-output>
        </test-method> <!-- Step_10 -->
        <test-method is-config="true" signature="teardown1()[pri:0, instance:TestCases.TestCases_of_CICA@247bddad]" started-at="2024-03-12T10:18:26 IST" name="teardown1" finished-at="2024-03-12T10:18:27 IST" duration-ms="907" status="PASS">
          <reporter-output>
          </reporter-output>
        </test-method> <!-- teardown1 -->
      </class> <!-- TestCases.TestCases_of_CICA -->
    </test> <!-- Default test -->
  </suite> <!-- Default suite -->
</testng-results>
