<?xml version="1.0" encoding="UTF-8"?>
<!-- Generated by org.testng.reporters.JUnitReportReporter -->
<testsuite hostname="DESKTOP-3R0P461" failures="0" tests="12" name="TestCases.TestCases_of_CICA" time="456.405" errors="0" timestamp="2024-03-12T10:18:27 IST" skipped="0">
  <testcase classname="TestCases.TestCases_of_CICA" name="Login" time="2.686"/>
  <system-out/>
  <testcase classname="TestCases.TestCases_of_CICA" name="Homepage" time="8.300"/>
  <system-out/>
  <testcase classname="TestCases.TestCases_of_CICA" name="Step_1" time="52.468"/>
  <system-out/>
  <testcase classname="TestCases.TestCases_of_CICA" name="Step_2" time="71.804"/>
  <system-out/>
  <testcase classname="TestCases.TestCases_of_CICA" name="Step_3" time="7.562"/>
  <system-out/>
  <testcase classname="TestCases.TestCases_of_CICA" name="Step_4" time="85.831"/>
  <system-out/>
  <testcase classname="TestCases.TestCases_of_CICA" name="Step_5" time="6.189"/>
  <system-out/>
  <testcase classname="TestCases.TestCases_of_CICA" name="Step_6" time="22.980"/>
  <system-out/>
  <testcase classname="TestCases.TestCases_of_CICA" name="Step_7" time="4.349"/>
  <system-out/>
  <testcase classname="TestCases.TestCases_of_CICA" name="Step_8" time="41.621"/>
  <system-out/>
  <testcase classname="TestCases.TestCases_of_CICA" name="Update" time="15.599"/>
  <system-out/>
  <testcase classname="TestCases.TestCases_of_CICA" name="Step_10" time="137.016"/>
  <system-out/>
</testsuite> <!-- TestCases.TestCases_of_CICA -->
