<?xml version="1.0" encoding="UTF-8"?>
<!-- Generated by org.testng.reporters.JUnitReportReporter -->
<testsuite hostname="DESKTOP-3R0P461" failures="0" tests="12" name="TestCases.TestCases_of_CICA" time="565.484" errors="0" timestamp="2024-03-13T12:55:57 IST" skipped="0">
  <testcase classname="TestCases.TestCases_of_CICA" name="Login" time="5.403"/>
  <system-out/>
  <testcase classname="TestCases.TestCases_of_CICA" name="Homepage" time="10.518"/>
  <system-out/>
  <testcase classname="TestCases.TestCases_of_CICA" name="Step_1" time="63.904"/>
  <system-out/>
  <testcase classname="TestCases.TestCases_of_CICA" name="Step_2" time="83.189"/>
  <system-out/>
  <testcase classname="TestCases.TestCases_of_CICA" name="Step_3" time="9.002"/>
  <system-out/>
  <testcase classname="TestCases.TestCases_of_CICA" name="Step_4" time="101.056"/>
  <system-out/>
  <testcase classname="TestCases.TestCases_of_CICA" name="Step_5" time="7.498"/>
  <system-out/>
  <testcase classname="TestCases.TestCases_of_CICA" name="Step_6" time="28.406"/>
  <system-out/>
  <testcase classname="TestCases.TestCases_of_CICA" name="Step_7" time="4.598"/>
  <system-out/>
  <testcase classname="TestCases.TestCases_of_CICA" name="Step_8" time="48.836"/>
  <system-out/>
  <testcase classname="TestCases.TestCases_of_CICA" name="Update" time="15.976"/>
  <system-out/>
  <testcase classname="TestCases.TestCases_of_CICA" name="Step_10" time="187.098"/>
  <system-out/>
</testsuite> <!-- TestCases.TestCases_of_CICA -->
